-------------------------------------------------------------------------------
Test set: LoanApplicationServiceTests
-------------------------------------------------------------------------------
Tests run: 2, Failures: 0, Errors: 2, Skipped: 0, Time elapsed: 2.931 s <<< FAILURE! - in LoanApplicationServiceTests
shouldGiveMeLoan(LoanApplicationServiceTests)  Time elapsed: 0.005 s  <<< ERROR!
java.lang.IllegalStateException: Failed to load ApplicationContext
Caused by: org.springframework.beans.factory.UnsatisfiedDependencyException: Error creating bean with name 'stubFlowRegistrar' defined in class path resource [org/springframework/cloud/contract/stubrunner/messaging/integration/StubRunnerIntegrationConfiguration.class]: Unsatisfied dependency expressed through method 'stubFlowRegistrar' parameter 1; nested exception is org.springframework.beans.factory.BeanCreationException: Error creating bean with name 'batchStubRunner' defined in class path resource [org/springframework/cloud/contract/stubrunner/spring/StubRunnerConfiguration.class]: Bean instantiation via factory method failed; nested exception is org.springframework.beans.BeanInstantiationException: Failed to instantiate [org.springframework.cloud.contract.stubrunner.BatchStubRunner]: Factory method 'batchStubRunner' threw exception; nested exception is java.lang.IllegalArgumentException: Illegal uri [file:/Users/danielocean/Documents/CHANGE_DOM/spring/httpclient/target/test-classes/]
Caused by: org.springframework.beans.factory.BeanCreationException: Error creating bean with name 'batchStubRunner' defined in class path resource [org/springframework/cloud/contract/stubrunner/spring/StubRunnerConfiguration.class]: Bean instantiation via factory method failed; nested exception is org.springframework.beans.BeanInstantiationException: Failed to instantiate [org.springframework.cloud.contract.stubrunner.BatchStubRunner]: Factory method 'batchStubRunner' threw exception; nested exception is java.lang.IllegalArgumentException: Illegal uri [file:/Users/danielocean/Documents/CHANGE_DOM/spring/httpclient/target/test-classes/]
Caused by: org.springframework.beans.BeanInstantiationException: Failed to instantiate [org.springframework.cloud.contract.stubrunner.BatchStubRunner]: Factory method 'batchStubRunner' threw exception; nested exception is java.lang.IllegalArgumentException: Illegal uri [file:/Users/danielocean/Documents/CHANGE_DOM/spring/httpclient/target/test-classes/]
Caused by: java.lang.IllegalArgumentException: Illegal uri [file:/Users/danielocean/Documents/CHANGE_DOM/spring/httpclient/target/test-classes/]

shouldRejectLoan(LoanApplicationServiceTests)  Time elapsed: 0 s  <<< ERROR!
java.lang.IllegalStateException: Failed to load ApplicationContext
Caused by: org.springframework.beans.factory.UnsatisfiedDependencyException: Error creating bean with name 'stubFlowRegistrar' defined in class path resource [org/springframework/cloud/contract/stubrunner/messaging/integration/StubRunnerIntegrationConfiguration.class]: Unsatisfied dependency expressed through method 'stubFlowRegistrar' parameter 1; nested exception is org.springframework.beans.factory.BeanCreationException: Error creating bean with name 'batchStubRunner' defined in class path resource [org/springframework/cloud/contract/stubrunner/spring/StubRunnerConfiguration.class]: Bean instantiation via factory method failed; nested exception is org.springframework.beans.BeanInstantiationException: Failed to instantiate [org.springframework.cloud.contract.stubrunner.BatchStubRunner]: Factory method 'batchStubRunner' threw exception; nested exception is java.lang.IllegalArgumentException: Illegal uri [file:/Users/danielocean/Documents/CHANGE_DOM/spring/httpclient/target/test-classes/]
Caused by: org.springframework.beans.factory.BeanCreationException: Error creating bean with name 'batchStubRunner' defined in class path resource [org/springframework/cloud/contract/stubrunner/spring/StubRunnerConfiguration.class]: Bean instantiation via factory method failed; nested exception is org.springframework.beans.BeanInstantiationException: Failed to instantiate [org.springframework.cloud.contract.stubrunner.BatchStubRunner]: Factory method 'batchStubRunner' threw exception; nested exception is java.lang.IllegalArgumentException: Illegal uri [file:/Users/danielocean/Documents/CHANGE_DOM/spring/httpclient/target/test-classes/]
Caused by: org.springframework.beans.BeanInstantiationException: Failed to instantiate [org.springframework.cloud.contract.stubrunner.BatchStubRunner]: Factory method 'batchStubRunner' threw exception; nested exception is java.lang.IllegalArgumentException: Illegal uri [file:/Users/danielocean/Documents/CHANGE_DOM/spring/httpclient/target/test-classes/]
Caused by: java.lang.IllegalArgumentException: Illegal uri [file:/Users/danielocean/Documents/CHANGE_DOM/spring/httpclient/target/test-classes/]

